2025-11-23 19:51:01,499 | INFO | Loaded 3 dataset entries
2025-11-23 19:51:01,500 | INFO | Loading Hugging Face models on cuda
2025-11-23 19:51:09,384 | WARNING | Xet Storage is enabled for this repo, but the 'hf_xet' package is not installed. Falling back to regular HTTP download. For better performance, install the package with: `pip install huggingface_hub[hf_xet]` or `pip install hf_xet`
2025-11-23 19:59:30,740 | INFO | Loaded BLIP captioning model.
2025-11-23 19:59:39,565 | WARNING | Xet Storage is enabled for this repo, but the 'hf_xet' package is not installed. Falling back to regular HTTP download. For better performance, install the package with: `pip install huggingface_hub[hf_xet]` or `pip install hf_xet`
2025-11-23 20:01:46,556 | INFO | Loaded ViLT VQA model.
2025-11-23 20:01:46,572 | INFO | Model load completed in 645.1s
2025-11-23 20:01:46,709 | INFO | Defense AI Query System initialized.
2025-11-23 20:01:48,361 | WARNING | Xet Storage is enabled for this repo, but the 'hf_xet' package is not installed. Falling back to regular HTTP download. For better performance, install the package with: `pip install huggingface_hub[hf_xet]` or `pip install hf_xet`
2025-11-23 20:06:27,243 | INFO | Event logged: {'timestamp': '2025-11-23T14:36:27.243154', 'type': 'text_query', 'payload': {'query': 'hi', 'response': 'Query logged—no direct answer. Please refine with dataset names or tasks.'}}
2025-11-23 20:06:40,403 | INFO | History written to query_history.json
2025-11-23 20:07:57,526 | INFO | Loaded 3 dataset entries
2025-11-23 20:07:57,527 | INFO | Loading Hugging Face models on cuda
2025-11-23 20:08:05,682 | INFO | Loaded BLIP captioning model.
2025-11-23 20:08:09,690 | INFO | Loaded ViLT VQA model.
2025-11-23 20:08:09,691 | INFO | Model load completed in 12.2s
2025-11-23 20:08:09,691 | INFO | Defense AI Query System initialized.
2025-11-23 20:08:09,692 | INFO | Event logged: {'timestamp': '2025-11-23T14:38:09.692336', 'type': 'text_query', 'payload': {'query': 'list datasets', 'response': '- satellite_targets: Multispectral satellite imagery for tank / aircraft detection.\n- signal_intel: RF signal snapshots for SIGINT classification.\n- cyber_threats: Network telemetry for cyber intrusion detection.'}}
2025-11-23 20:08:09,697 | INFO | History written to query_history.json
2025-11-23 20:08:48,258 | INFO | Loaded 3 dataset entries
2025-11-23 20:08:48,260 | INFO | Loading Hugging Face models on cuda
2025-11-23 20:08:58,347 | INFO | Loaded BLIP captioning model.
2025-11-23 20:09:02,384 | INFO | Loaded ViLT VQA model.
2025-11-23 20:09:02,384 | INFO | Model load completed in 14.1s
2025-11-23 20:09:02,385 | INFO | Defense AI Query System initialized.
2025-11-23 20:09:02,386 | INFO | Describe dataset: satellite_targets
2025-11-23 20:09:02,387 | INFO | Describe dataset: satellite_targets
2025-11-23 20:09:02,388 | INFO | Describe dataset: satellite_targets
2025-11-23 20:09:02,388 | INFO | Event logged: {'timestamp': '2025-11-23T14:39:02.388565', 'type': 'text_query', 'payload': {'query': 'what is the best dataset for tanks', 'response': "Dataset 'satellite_targets': Multispectral satellite imagery for tank / aircraft detection.\n- Source: Kaggle (synthetic placeholder)\n- Size: 8.2 GB\n- Reference: https://www.kaggle.com/satellite-targets"}}
2025-11-23 20:09:02,390 | INFO | History written to query_history.json
2025-11-23 20:09:59,203 | INFO | Loaded 3 dataset entries
2025-11-23 20:09:59,204 | INFO | Loading Hugging Face models on cuda
2025-11-23 20:10:07,822 | INFO | Loaded BLIP captioning model.
2025-11-23 20:10:11,796 | INFO | Loaded ViLT VQA model.
2025-11-23 20:10:11,797 | INFO | Model load completed in 12.6s
2025-11-23 20:10:11,799 | INFO | Defense AI Query System initialized.
2025-11-23 20:10:52,764 | INFO | Loaded 3 dataset entries
2025-11-23 20:10:52,764 | INFO | Loading Hugging Face models on cuda
2025-11-23 20:11:00,727 | INFO | Loaded BLIP captioning model.
2025-11-23 20:11:04,300 | INFO | Loaded ViLT VQA model.
2025-11-23 20:11:04,301 | INFO | Model load completed in 11.5s
2025-11-23 20:11:04,303 | INFO | Defense AI Query System initialized.
2025-11-23 20:11:05,734 | INFO | Event logged: {'timestamp': '2025-11-23T14:41:05.734278', 'type': 'caption', 'payload': {'image': 'visualizations/satellite_20251123_193457.png', 'caption': 'a close up of two different images of a television screen'}}
2025-11-23 20:11:06,003 | INFO | Event logged: {'timestamp': '2025-11-23T14:41:06.003523', 'type': 'vqa', 'payload': {'image': 'visualizations/satellite_20251123_193457.png', 'question': 'What military assets are visible?', 'answer': '0'}}
2025-11-23 20:11:06,004 | INFO | Describe dataset: signal_intel
2025-11-23 20:11:06,006 | INFO | History written to query_history.json
2025-11-23 20:15:45,441 | INFO | Loaded 3 dataset entries
2025-11-23 20:15:45,442 | INFO | Loading Hugging Face models on cuda
2025-11-23 20:15:53,024 | INFO | Loaded BLIP captioning model.
2025-11-23 20:15:56,970 | INFO | Loaded ViLT VQA model.
2025-11-23 20:15:56,971 | INFO | Model load completed in 11.5s
2025-11-23 20:15:56,972 | INFO | Defense AI Query System initialized.
2025-11-23 20:15:58,124 | INFO | Event logged: {'timestamp': '2025-11-23T14:45:58.124415', 'type': 'vqa', 'payload': {'image': 'visualizations/satellite_20251123_193457.png', 'question': 'What is happening in the image?', 'answer': 'nothing'}}
2025-11-23 20:15:58,126 | INFO | History written to query_history.json
2025-11-23 20:16:37,463 | INFO | Loaded 3 dataset entries
2025-11-23 20:16:37,464 | INFO | Loading Hugging Face models on cuda
2025-11-23 20:16:44,983 | INFO | Loaded BLIP captioning model.
2025-11-23 20:16:48,401 | INFO | Loaded ViLT VQA model.
2025-11-23 20:16:48,402 | INFO | Model load completed in 10.9s
2025-11-23 20:16:48,404 | INFO | Defense AI Query System initialized.
2025-11-23 20:16:49,615 | INFO | Event logged: {'timestamp': '2025-11-23T14:46:49.615301', 'type': 'caption', 'payload': {'image': 'visualizations/satellite_20251123_193457.png', 'caption': 'a close up of two different images of a television screen'}}
2025-11-23 20:16:49,617 | INFO | History written to query_history.json
2025-11-23 20:18:11,669 | INFO | Loaded 3 dataset entries
2025-11-23 20:18:11,669 | INFO | Loading Hugging Face models on cuda
2025-11-23 20:18:18,237 | INFO | Loaded BLIP captioning model.
2025-11-23 20:18:22,110 | INFO | Loaded ViLT VQA model.
2025-11-23 20:18:22,111 | INFO | Model load completed in 10.4s
2025-11-23 20:18:22,112 | INFO | Defense AI Query System initialized.
2025-11-23 20:20:47,563 | INFO | Loaded 3 dataset entries
2025-11-23 20:20:47,564 | INFO | Loading Hugging Face models on cuda
2025-11-23 20:20:54,343 | INFO | Loaded BLIP captioning model.
2025-11-23 20:21:01,463 | INFO | Loaded ViLT VQA model.
2025-11-23 20:21:01,467 | INFO | Model load completed in 13.9s
2025-11-23 20:21:01,472 | INFO | Defense AI Query System initialized.
2025-11-23 20:21:05,211 | INFO | Event logged: {'timestamp': '2025-11-23T14:51:05.211749', 'type': 'caption', 'payload': {'image': 'visualizations/satellite_20251123_201902.png', 'caption': 'a close up of a television screen with a black and white image'}}
2025-11-23 20:21:05,855 | INFO | Event logged: {'timestamp': '2025-11-23T14:51:05.855410', 'type': 'vqa', 'payload': {'image': 'visualizations/satellite_20251123_201902.png', 'question': 'What is happening in this satellite image?', 'answer': 'nothing'}}
2025-11-23 20:21:08,347 | INFO | Event logged: {'timestamp': '2025-11-23T14:51:08.347472', 'type': 'caption', 'payload': {'image': 'visualizations/satellite_20251123_201926.png', 'caption': 'two images of a tv screen with a black and white image'}}
2025-11-23 20:21:08,719 | INFO | Event logged: {'timestamp': '2025-11-23T14:51:08.719049', 'type': 'vqa', 'payload': {'image': 'visualizations/satellite_20251123_201926.png', 'question': 'What military assets are visible?', 'answer': '0'}}
2025-11-23 20:21:08,726 | INFO | History written to query_history.json
2025-11-23 20:22:47,198 | INFO | Loaded 3 dataset entries
2025-11-23 20:22:47,199 | INFO | Loading Hugging Face models on cuda
2025-11-23 20:22:55,217 | INFO | Loaded BLIP captioning model.
2025-11-23 20:22:58,694 | INFO | Loaded ViLT VQA model.
2025-11-23 20:22:58,694 | INFO | Model load completed in 11.5s
2025-11-23 20:22:58,697 | INFO | Defense AI Query System initialized.
2025-11-23 20:24:17,909 | INFO | Loaded 3 dataset entries
2025-11-23 20:24:17,910 | INFO | Loading Hugging Face models on cuda
2025-11-23 20:24:26,446 | INFO | Loaded BLIP captioning model.
2025-11-23 20:24:30,429 | INFO | Loaded ViLT VQA model.
2025-11-23 20:24:30,429 | INFO | Model load completed in 12.5s
2025-11-23 20:24:30,437 | INFO | Defense AI Query System initialized.
2025-11-23 20:24:31,896 | INFO | Event logged: {'timestamp': '2025-11-23T14:54:31.896294', 'type': 'caption', 'payload': {'image': 'visualizations/user_uploaded_image.png', 'caption': 'a graph of a square with a line of dots on it'}}
2025-11-23 20:24:32,138 | INFO | Event logged: {'timestamp': '2025-11-23T14:54:32.138795', 'type': 'vqa', 'payload': {'image': 'visualizations/user_uploaded_image.png', 'question': 'What is happening in this image?', 'answer': 'flying'}}
2025-11-23 20:24:32,195 | INFO | Event logged: {'timestamp': '2025-11-23T14:54:32.195931', 'type': 'vqa', 'payload': {'image': 'visualizations/user_uploaded_image.png', 'question': 'What objects can you identify?', 'answer': 'plane'}}
2025-11-23 20:24:32,255 | INFO | Event logged: {'timestamp': '2025-11-23T14:54:32.255760', 'type': 'vqa', 'payload': {'image': 'visualizations/user_uploaded_image.png', 'question': 'Is this a military area?', 'answer': 'yes'}}
2025-11-23 20:24:32,259 | INFO | History written to query_history.json
